@!@!@STARTMSG 2262:0 @!@!@
TLC2 Version 2.07 of 1 June 2015
@!@!@ENDMSG 2262 @!@!@
@!@!@STARTMSG 2187:0 @!@!@
Running in Model-Checking mode.
@!@!@ENDMSG 2187 @!@!@
@!@!@STARTMSG 2220:0 @!@!@
Starting SANY...
@!@!@ENDMSG 2220 @!@!@
Parsing file MC.tla
Parsing file Quiz_4_CB14018.tla
Parsing file C:\Users\User\Desktop\toolbox\plugins\org.lamport.tlatools_1.0.0.201506011130\tla2sany\StandardModules\TLC.tla
Parsing file C:\Users\User\Desktop\toolbox\plugins\org.lamport.tlatools_1.0.0.201506011130\tla2sany\StandardModules\Naturals.tla
Parsing file C:\Users\User\Desktop\toolbox\plugins\org.lamport.tlatools_1.0.0.201506011130\tla2sany\StandardModules\Sequences.tla
Semantic processing of module Naturals
Semantic processing of module Sequences
Semantic processing of module TLC
Semantic processing of module Quiz_4_CB14018
Semantic processing of module MC
@!@!@STARTMSG 2219:0 @!@!@
SANY finished.
@!@!@ENDMSG 2219 @!@!@
@!@!@STARTMSG 2185:0 @!@!@
Starting... (2015-11-05 22:33:53)
@!@!@ENDMSG 2185 @!@!@
@!@!@STARTMSG 2189:0 @!@!@
Computing initial states...
@!@!@ENDMSG 2189 @!@!@
@!@!@STARTMSG 2190:0 @!@!@
Finished computing initial states: 1 distinct state generated.
@!@!@ENDMSG 2190 @!@!@
<<3, 7, 3>>  TRUE
<<7>>  TRUE
<<3, 7, 3, 3>>  TRUE
<<7, 3>>  TRUE
<<7, 3>>  TRUE
<<>>  TRUE
<<7, 3, 3>>  TRUE
<<7, 3, 3>>  TRUE
<<3>>  TRUE
<<3>>  TRUE
<<3, 3>>  TRUE
<<>>  TRUE
<<3, 3, 3>>  TRUE
<<3>>  TRUE
<<7, 3, 3, 3>>  TRUE
<<3, 3, 3, 3>>  TRUE
<<3, 3>>  TRUE
<<3, 3, 3>>  TRUE
<<3, 3, 3>>  TRUE
<<3, 3>>  TRUE
@!@!@STARTMSG 2193:0 @!@!@
Model checking completed. No error has been found.
  Estimates of the probability that TLC did not check all reachable states
  because two distinct states had the same fingerprint:
  calculated (optimistic):  val = 5.9E-18
  based on the actual fingerprints:  val = 1.5E-17
@!@!@ENDMSG 2193 @!@!@
@!@!@STARTMSG 2201:0 @!@!@
The coverage statistics at 2015-11-05 22:33:53
@!@!@ENDMSG 2201 @!@!@
@!@!@STARTMSG 2221:0 @!@!@
  line 14, col 12 to line 14, col 34 of module Quiz_4_CB14018: 9
@!@!@ENDMSG 2221 @!@!@
@!@!@STARTMSG 2221:0 @!@!@
  line 23, col 12 to line 23, col 27 of module Quiz_4_CB14018: 11
@!@!@ENDMSG 2221 @!@!@
@!@!@STARTMSG 2202:0 @!@!@
End of statistics.
@!@!@ENDMSG 2202 @!@!@
@!@!@STARTMSG 2200:0 @!@!@
Progress(7) at 2015-11-05 22:33:53: 21 states generated (16,153 s/min), 12 distinct states found (9,230 ds/min), 0 states left on queue.
@!@!@ENDMSG 2200 @!@!@
@!@!@STARTMSG 2199:0 @!@!@
21 states generated, 12 distinct states found, 0 states left on queue.
@!@!@ENDMSG 2199 @!@!@
@!@!@STARTMSG 2194:0 @!@!@
The depth of the complete state graph search is 7.
@!@!@ENDMSG 2194 @!@!@
@!@!@STARTMSG 2186:0 @!@!@
Finished. (2015-11-05 22:33:53)
@!@!@ENDMSG 2186 @!@!@
