@!@!@STARTMSG 2262:0 @!@!@
TLC2 Version 2.05 of 17 April 2013
@!@!@ENDMSG 2262 @!@!@
@!@!@STARTMSG 2187:0 @!@!@
Running in Model-Checking mode.
@!@!@ENDMSG 2187 @!@!@
@!@!@STARTMSG 2220:0 @!@!@
Starting SANY...
@!@!@ENDMSG 2220 @!@!@
Parsing file MC.tla
Parsing file lab_4_cb13125.tla
Parsing file C:\Users\student\Desktop\TLA TOOLBOX\TLAToolbox-1.4.7-win32.win32.x86\toolbox\plugins\org.lamport.tlatools_1.0.0.201304250137\tla2sany\StandardModules\TLC.tla
Parsing file lab_1_cb13125.tla
Parsing file C:\Users\student\Desktop\TLA TOOLBOX\TLAToolbox-1.4.7-win32.win32.x86\toolbox\plugins\org.lamport.tlatools_1.0.0.201304250137\tla2sany\StandardModules\Naturals.tla
Parsing file C:\Users\student\Desktop\TLA TOOLBOX\TLAToolbox-1.4.7-win32.win32.x86\toolbox\plugins\org.lamport.tlatools_1.0.0.201304250137\tla2sany\StandardModules\Sequences.tla
Semantic processing of module Naturals
Semantic processing of module lab_1_cb13125
Semantic processing of module lab_4_cb13125
Semantic processing of module Sequences
Semantic processing of module TLC
Semantic processing of module MC
@!@!@STARTMSG 2219:0 @!@!@
SANY finished.
@!@!@ENDMSG 2219 @!@!@
@!@!@STARTMSG 2185:0 @!@!@
Starting... (2014-04-15 08:40:06)
@!@!@ENDMSG 2185 @!@!@
@!@!@STARTMSG 1000:1 @!@!@
TLC threw an unexpected exception.
This was probably caused by an error in the spec or model.
See the User Output or TLC Console for clues to what happened.
The exception was a java.lang.RuntimeException: @!@!@STARTMSG 2232:0 @!@!@
The configuration file did not specify the next state predicate.
@!@!@ENDMSG 2232 @!@!@
@!@!@ENDMSG 1000 @!@!@
@!@!@STARTMSG 2186:0 @!@!@
Finished. (2014-04-15 08:40:06)
@!@!@ENDMSG 2186 @!@!@
