@!@!@STARTMSG 2262:0 @!@!@
TLC2 Version 2.07 of 1 June 2015
@!@!@ENDMSG 2262 @!@!@
@!@!@STARTMSG 2187:0 @!@!@
Running in Model-Checking mode.
@!@!@ENDMSG 2187 @!@!@
@!@!@STARTMSG 2220:0 @!@!@
Starting SANY...
@!@!@ENDMSG 2220 @!@!@
Parsing file MC.tla
Parsing file Quiz_4_CB14018.tla
Parsing file C:\Users\User\Desktop\toolbox\plugins\org.lamport.tlatools_1.0.0.201506011130\tla2sany\StandardModules\TLC.tla
Parsing file C:\Users\User\Desktop\toolbox\plugins\org.lamport.tlatools_1.0.0.201506011130\tla2sany\StandardModules\Naturals.tla
Parsing file C:\Users\User\Desktop\toolbox\plugins\org.lamport.tlatools_1.0.0.201506011130\tla2sany\StandardModules\Sequences.tla
Semantic processing of module Naturals
Semantic processing of module Sequences
Semantic processing of module TLC
Semantic processing of module Quiz_4_CB14018
Semantic processing of module MC
@!@!@STARTMSG 2219:0 @!@!@
SANY finished.
@!@!@ENDMSG 2219 @!@!@
@!@!@STARTMSG 2185:0 @!@!@
Starting... (2015-11-05 22:33:58)
@!@!@ENDMSG 2185 @!@!@
@!@!@STARTMSG 1000:1 @!@!@
TLC threw an unexpected exception.
This was probably caused by an error in the spec or model.
See the User Output or TLC Console for clues to what happened.
The exception was a java.lang.RuntimeException: @!@!@STARTMSG 2239:0 @!@!@
TLC cannot handle this conjunct of the spec:
line 29, col 9 to line 29, col 19 of module Quiz_4_CB14018
@!@!@ENDMSG 2239 @!@!@
@!@!@ENDMSG 1000 @!@!@
@!@!@STARTMSG 2186:0 @!@!@
Finished. (2015-11-05 22:33:58)
@!@!@ENDMSG 2186 @!@!@
